<?xml version="1.0" encoding="UTF-8"?>
<!-- Generated by org.testng.reporters.JUnitReportReporter -->
<testsuite hostname="LTIN509612" failures="0" tests="2" name="testCases.TC004_LoginPage" time="4.522" errors="0" timestamp="2024-11-11T10:45:25 IST" skipped="0">
  <testcase classname="testCases.TC004_LoginPage" name="test_customizeGiftCard" time="0.583"/>
  <system-out/>
  <testcase classname="testCases.TC004_LoginPage" name="test_customizeGiftCard" time="3.939"/>
  <system-out/>
</testsuite> <!-- testCases.TC004_LoginPage -->
