<?xml version="1.0" encoding="UTF-8"?>
<!-- Generated by org.testng.reporters.JUnitReportReporter -->
<testsuite hostname="LTIN509612" failures="0" tests="1" name="testCases.TC003_DisplayStudyChairs" time="1.878" errors="0" timestamp="2024-11-11T10:26:24 IST" skipped="0">
  <testcase classname="testCases.TC003_DisplayStudyChairs" name="test_displayStudyChairs" time="1.878"/>
</testsuite> <!-- testCases.TC003_DisplayStudyChairs -->
