<?xml version="1.0" encoding="UTF-8"?>
<!-- Generated by org.testng.reporters.JUnitReportReporter -->
<testsuite hostname="LTIN509612" failures="0" tests="1" name="testCases.TC002_BeingAtHome_SubMenuRetrieval" time="2.784" errors="0" timestamp="2024-11-11T10:26:24 IST" skipped="0">
  <testcase classname="testCases.TC002_BeingAtHome_SubMenuRetrieval" name="test_beingAtHome" time="2.784"/>
</testsuite> <!-- testCases.TC002_BeingAtHome_SubMenuRetrieval -->
